[    0.000000] Linux version 4.15.0-124-generic (buildd@lgw01-amd64-029) (gcc version 7.5.0 (Ubuntu 7.5.0-3ubuntu1~18.04)) #127-Ubuntu SMP Fri Nov 6 10:54:43 UTC 2020 (Ubuntu 4.15.0-124.127-generic 4.15.18)
[    0.000000] Command line: BOOT_IMAGE=/boot/vmlinuz-4.15.0-124-generic root=LABEL=cloudimg-rootfs ro console=tty1 console=ttyS0
[    0.000000] KERNEL supported cpus:
[    0.000000]   Intel GenuineIntel
[    0.000000]   AMD AuthenticAMD
[    0.000000]   Centaur CentaurHauls
[    0.000000] x86/fpu: Supporting XSAVE feature 0x001: 'x87 floating point registers'
[    0.000000] x86/fpu: Supporting XSAVE feature 0x002: 'SSE registers'
[    0.000000] x86/fpu: Supporting XSAVE feature 0x004: 'AVX registers'
[    0.000000] x86/fpu: xstate_offset[2]:  576, xstate_sizes[2]:  256
[    0.000000] x86/fpu: Enabled xstate features 0x7, context size is 832 bytes, using 'standard' format.
[    0.000000] e820: BIOS-provided physical RAM map:
[    0.000000] BIOS-e820: [mem 0x0000000000000000-0x000000000009fbff] usable
[    0.000000] BIOS-e820: [mem 0x000000000009fc00-0x000000000009ffff] reserved
[    0.000000] BIOS-e820: [mem 0x00000000000f0000-0x00000000000fffff] reserved
[    0.000000] BIOS-e820: [mem 0x0000000000100000-0x000000003ffeffff] usable
[    0.000000] BIOS-e820: [mem 0x000000003fff0000-0x000000003fffffff] ACPI data
[    0.000000] BIOS-e820: [mem 0x00000000fec00000-0x00000000fec00fff] reserved
[    0.000000] BIOS-e820: [mem 0x00000000fee00000-0x00000000fee00fff] reserved
[    0.000000] BIOS-e820: [mem 0x00000000fffc0000-0x00000000ffffffff] reserved
[    0.000000] NX (Execute Disable) protection: active
[    0.000000] SMBIOS 2.5 present.
[    0.000000] DMI: innotek GmbH VirtualBox/VirtualBox, BIOS VirtualBox 12/01/2006
[    0.000000] Hypervisor detected: KVM
[    0.000000] e820: last_pfn = 0x3fff0 max_arch_pfn = 0x400000000
[    0.000000] MTRR: Disabled
[    0.000000] x86/PAT: MTRRs disabled, skipping PAT initialization too.
[    0.000000] CPU MTRRs all blank - virtualized system.
[    0.000000] x86/PAT: Configuration [0-7]: WB  WT  UC- UC  WB  WT  UC- UC  
[    0.000000] found SMP MP-table at [mem 0x0009fff0-0x0009ffff]
[    0.000000] Scanning 1 areas for low memory corruption
[    0.000000] RAMDISK: [mem 0x35a67000-0x36d2afff]
[    0.000000] ACPI: Early table checksum verification disabled
[    0.000000] ACPI: RSDP 0x00000000000E0000 000024 (v02 VBOX  )
[    0.000000] ACPI: XSDT 0x000000003FFF0030 00003C (v01 VBOX   VBOXXSDT 00000001 ASL  00000061)
[    0.000000] ACPI: FACP 0x000000003FFF00F0 0000F4 (v04 VBOX   VBOXFACP 00000001 ASL  00000061)
[    0.000000] ACPI: DSDT 0x000000003FFF0470 002325 (v02 VBOX   VBOXBIOS 00000002 INTL 20100528)
[    0.000000] ACPI: FACS 0x000000003FFF0200 000040
[    0.000000] ACPI: FACS 0x000000003FFF0200 000040
[    0.000000] ACPI: APIC 0x000000003FFF0240 00005C (v02 VBOX   VBOXAPIC 00000001 ASL  00000061)
[    0.000000] ACPI: SSDT 0x000000003FFF02A0 0001CC (v01 VBOX   VBOXCPUT 00000002 INTL 20100528)
[    0.000000] No NUMA configuration found
[    0.000000] Faking a node at [mem 0x0000000000000000-0x000000003ffeffff]
[    0.000000] NODE_DATA(0) allocated [mem 0x3ffc5000-0x3ffeffff]
[    0.000000] kvm-clock: cpu 0, msr 0:3ff44001, primary cpu clock
[    0.000000] kvm-clock: Using msrs 4b564d01 and 4b564d00
[    0.000000] kvm-clock: using sched offset of 4125297550 cycles
[    0.000000] clocksource: kvm-clock: mask: 0xffffffffffffffff max_cycles: 0x1cd42e4dffb, max_idle_ns: 881590591483 ns
[    0.000000] Zone ranges:
[    0.000000]   DMA      [mem 0x0000000000001000-0x0000000000ffffff]
[    0.000000]   DMA32    [mem 0x0000000001000000-0x000000003ffeffff]
[    0.000000]   Normal   empty
[    0.000000]   Device   empty
[    0.000000] Movable zone start for each node
[    0.000000] Early memory node ranges
[    0.000000]   node   0: [mem 0x0000000000001000-0x000000000009efff]
[    0.000000]   node   0: [mem 0x0000000000100000-0x000000003ffeffff]
[    0.000000] Reserved but unavailable: 98 pages
[    0.000000] Initmem setup node 0 [mem 0x0000000000001000-0x000000003ffeffff]
[    0.000000] ACPI: PM-Timer IO Port: 0x4008
[    0.000000] IOAPIC[0]: apic_id 2, version 32, address 0xfec00000, GSI 0-23
[    0.000000] ACPI: INT_SRC_OVR (bus 0 bus_irq 0 global_irq 2 dfl dfl)
[    0.000000] ACPI: INT_SRC_OVR (bus 0 bus_irq 9 global_irq 9 low level)
[    0.000000] Using ACPI (MADT) for SMP configuration information
[    0.000000] smpboot: Allowing 2 CPUs, 0 hotplug CPUs
[    0.000000] PM: Registered nosave memory: [mem 0x00000000-0x00000fff]
[    0.000000] PM: Registered nosave memory: [mem 0x0009f000-0x0009ffff]
[    0.000000] PM: Registered nosave memory: [mem 0x000a0000-0x000effff]
[    0.000000] PM: Registered nosave memory: [mem 0x000f0000-0x000fffff]
[    0.000000] e820: [mem 0x40000000-0xfebfffff] available for PCI devices
[    0.000000] Booting paravirtualized kernel on KVM
[    0.000000] clocksource: refined-jiffies: mask: 0xffffffff max_cycles: 0xffffffff, max_idle_ns: 7645519600211568 ns
[    0.000000] random: get_random_bytes called from start_kernel+0x99/0x500 with crng_init=0
[    0.000000] setup_percpu: NR_CPUS:8192 nr_cpumask_bits:2 nr_cpu_ids:2 nr_node_ids:1
[    0.000000] percpu: Embedded 45 pages/cpu s147456 r8192 d28672 u1048576
[    0.000000] PV qspinlock hash table entries: 256 (order: 0, 4096 bytes)
[    0.000000] Built 1 zonelists, mobility grouping on.  Total pages: 257913
[    0.000000] Policy zone: DMA32
[    0.000000] Kernel command line: BOOT_IMAGE=/boot/vmlinuz-4.15.0-124-generic root=LABEL=cloudimg-rootfs ro console=tty1 console=ttyS0
[    0.000000] Memory: 983032K/1048120K available (12300K kernel code, 2482K rwdata, 4272K rodata, 2436K init, 2724K bss, 65088K reserved, 0K cma-reserved)
[    0.000000] SLUB: HWalign=64, Order=0-3, MinObjects=0, CPUs=2, Nodes=1
[    0.000000] Kernel/User page tables isolation: enabled
[    0.000000] ftrace: allocating 39402 entries in 154 pages
[    0.004000] Hierarchical RCU implementation.
[    0.004000] 	RCU restricting CPUs from NR_CPUS=8192 to nr_cpu_ids=2.
[    0.004000] 	Tasks RCU enabled.
[    0.004000] RCU: Adjusting geometry for rcu_fanout_leaf=16, nr_cpu_ids=2
[    0.004000] NR_IRQS: 524544, nr_irqs: 440, preallocated irqs: 16
[    0.004000] Console: colour VGA+ 80x25
[    0.004000] console [tty1] enabled
[    0.004000] console [ttyS0] enabled
[    0.004000] ACPI: Core revision 20170831
[    0.004000] ACPI: 2 ACPI AML tables successfully acquired and loaded
[    0.004000] APIC: Switch to symmetric I/O mode setup
[    0.004000] x2apic enabled
[    0.004000] Switched APIC routing to physical x2apic.
[    0.004000] ..TIMER: vector=0x30 apic1=0 pin1=2 apic2=-1 pin2=-1
[    0.004006] tsc: Detected 1800.001 MHz processor
[    0.004976] Calibrating delay loop (skipped) preset value.. 3600.00 BogoMIPS (lpj=7200004)
[    0.008009] pid_max: default: 32768 minimum: 301
[    0.009677] Security Framework initialized
[    0.012010] Yama: becoming mindful.
[    0.013698] AppArmor: AppArmor initialized
[    0.016051] Dentry cache hash table entries: 131072 (order: 8, 1048576 bytes)
[    0.020126] Inode-cache hash table entries: 65536 (order: 7, 524288 bytes)
[    0.022185] Mount-cache hash table entries: 2048 (order: 2, 16384 bytes)
[    0.023779] Mountpoint-cache hash table entries: 2048 (order: 2, 16384 bytes)
[    0.024369] Last level iTLB entries: 4KB 64, 2MB 8, 4MB 8
[    0.025506] Last level dTLB entries: 4KB 64, 2MB 0, 4MB 0, 1GB 4
[    0.026731] Spectre V1 : Mitigation: usercopy/swapgs barriers and __user pointer sanitization
[    0.028005] Spectre V2 : Mitigation: Full generic retpoline
[    0.029193] Spectre V2 : Spectre v2 / SpectreRSB mitigation: Filling RSB on context switch
[    0.032003] Speculative Store Bypass: Vulnerable
[    0.033030] SRBDS: Unknown: Dependent on hypervisor status
[    0.034160] MDS: Mitigation: Clear CPU buffers
[    0.036199] Freeing SMP alternatives memory: 36K
[    0.149463] smpboot: CPU0: Intel(R) Core(TM) i5-8250U CPU @ 1.60GHz (family: 0x6, model: 0x8e, stepping: 0xa)
[    0.152141] Performance Events: unsupported p6 CPU model 142 no PMU driver, software events only.
[    0.156068] Hierarchical SRCU implementation.
[    0.157859] NMI watchdog: Perf event create on CPU 0 failed with -2
[    0.159304] NMI watchdog: Perf NMI watchdog permanently disabled
[    0.160059] smp: Bringing up secondary CPUs ...
[    0.161202] x86: Booting SMP configuration:
[    0.162178] .... node  #0, CPUs:      #1
[    0.004000] kvm-clock: cpu 1, msr 0:3ff44041, secondary cpu clock
[    0.168028] smp: Brought up 1 node, 2 CPUs
[    0.169612] smpboot: Max logical packages: 1
[    0.171031] smpboot: Total of 2 processors activated (7200.00 BogoMIPS)
[    0.172173] devtmpfs: initialized
[    0.172893] x86/mm: Memory block size: 128MB
[    0.174252] evm: security.selinux
[    0.176005] evm: security.SMACK64
[    0.176872] evm: security.SMACK64EXEC
[    0.177879] evm: security.SMACK64TRANSMUTE
[    0.178870] evm: security.SMACK64MMAP
[    0.180004] evm: security.apparmor
[    0.180919] evm: security.ima
[    0.181768] evm: security.capability
[    0.182752] clocksource: jiffies: mask: 0xffffffff max_cycles: 0xffffffff, max_idle_ns: 7645041785100000 ns
[    0.184044] futex hash table entries: 512 (order: 3, 32768 bytes)
[    0.192009] pinctrl core: initialized pinctrl subsystem
[    0.193928] RTC time:  9:57:57, date: 11/24/20
[    0.195163] NET: Registered protocol family 16
[    0.196093] audit: initializing netlink subsys (disabled)
[    0.197331] audit: type=2000 audit(1606211883.002:1): state=initialized audit_enabled=0 res=1
[    0.198116] cpuidle: using governor ladder
[    0.200022] cpuidle: using governor menu
[    0.201373] ACPI: bus type PCI registered
[    0.202916] acpiphp: ACPI Hot Plug PCI Controller Driver version: 0.5
[    0.204165] PCI: Using configuration type 1 for base access
[    0.208718] HugeTLB registered 2.00 MiB page size, pre-allocated 0 pages
[    0.209448] ACPI: Added _OSI(Module Device)
[    0.212005] ACPI: Added _OSI(Processor Device)
[    0.212942] ACPI: Added _OSI(3.0 _SCP Extensions)
[    0.214224] ACPI: Added _OSI(Processor Aggregator Device)
[    0.215412] ACPI: Added _OSI(Linux-Dell-Video)
[    0.216004] ACPI: Added _OSI(Linux-Lenovo-NV-HDMI-Audio)
[    0.217082] ACPI: Added _OSI(Linux-HPI-Hybrid-Graphics)
[    0.219023] ACPI: Executed 1 blocks of module-level executable AML code
[    0.226322] ACPI: Interpreter enabled
[    0.227409] ACPI: (supports S0 S5)
[    0.228005] ACPI: Using IOAPIC for interrupt routing
[    0.229365] PCI: Using host bridge windows from ACPI; if necessary, use "pci=nocrs" and report a bug
[    0.231458] ACPI: Enabled 2 GPEs in block 00 to 07
[    0.242590] ACPI: PCI Root Bridge [PCI0] (domain 0000 [bus 00-ff])
[    0.244000] acpi PNP0A03:00: _OSC: OS supports [ASPM ClockPM Segments MSI]
[    0.244652] acpi PNP0A03:00: _OSC: not requesting OS control; OS requires [ExtendedConfig ASPM ClockPM MSI]
[    0.248026] acpi PNP0A03:00: fail to add MMCONFIG information, can't access extended PCI configuration space under this bridge.
[    0.252197] PCI host bridge to bus 0000:00
[    0.253316] pci_bus 0000:00: root bus resource [io  0x0000-0x0cf7 window]
[    0.255063] pci_bus 0000:00: root bus resource [io  0x0d00-0xffff window]
[    0.256008] pci_bus 0000:00: root bus resource [mem 0x000a0000-0x000bffff window]
[    0.257914] pci_bus 0000:00: root bus resource [mem 0x40000000-0xfdffffff window]
[    0.259798] pci_bus 0000:00: root bus resource [bus 00-ff]
[    0.264591] pci 0000:00:01.1: legacy IDE quirk: reg 0x10: [io  0x01f0-0x01f7]
[    0.266268] pci 0000:00:01.1: legacy IDE quirk: reg 0x14: [io  0x03f6]
[    0.267951] pci 0000:00:01.1: legacy IDE quirk: reg 0x18: [io  0x0170-0x0177]
[    0.268012] pci 0000:00:01.1: legacy IDE quirk: reg 0x1c: [io  0x0376]
[    0.292054] pci 0000:00:07.0: quirk: [io  0x4000-0x403f] claimed by PIIX4 ACPI
[    0.294188] pci 0000:00:07.0: quirk: [io  0x4100-0x410f] claimed by PIIX4 SMB
[    0.310398] ACPI: PCI Interrupt Link [LNKA] (IRQs 5 9 10 *11)
[    0.312080] ACPI: PCI Interrupt Link [LNKB] (IRQs 5 9 *10 11)
[    0.313560] ACPI: PCI Interrupt Link [LNKC] (IRQs 5 *9 10 11)
[    0.315373] ACPI: PCI Interrupt Link [LNKD] (IRQs 5 9 10 *11)
[    0.316587] SCSI subsystem initialized
[    0.317759] pci 0000:00:02.0: vgaarb: setting as boot VGA device
[    0.317759] pci 0000:00:02.0: vgaarb: VGA device added: decodes=io+mem,owns=io+mem,locks=none
[    0.320017] pci 0000:00:02.0: vgaarb: bridge control possible
[    0.324003] vgaarb: loaded
[    0.324856] ACPI: bus type USB registered
[    0.326002] usbcore: registered new interface driver usbfs
[    0.327295] usbcore: registered new interface driver hub
[    0.328043] usbcore: registered new device driver usb
[    0.329374] EDAC MC: Ver: 3.0.0
[    0.332189] PCI: Using ACPI for IRQ routing
[    0.333781] NetLabel: Initializing
[    0.334834] NetLabel:  domain hash size = 128
[    0.336014] NetLabel:  protocols = UNLABELED CIPSOv4 CALIPSO
[    0.337341] NetLabel:  unlabeled traffic allowed by default
[    0.338688] clocksource: Switched to clocksource kvm-clock
[    0.362392] VFS: Disk quotas dquot_6.6.0
[    0.363687] VFS: Dquot-cache hash table entries: 512 (order 0, 4096 bytes)
[    0.365547] AppArmor: AppArmor Filesystem Enabled
[    0.366825] pnp: PnP ACPI init
[    0.369105] pnp: PnP ACPI: found 3 devices
[    0.382615] clocksource: acpi_pm: mask: 0xffffff max_cycles: 0xffffff, max_idle_ns: 2085701024 ns
[    0.384829] NET: Registered protocol family 2
[    0.386266] TCP established hash table entries: 8192 (order: 4, 65536 bytes)
[    0.388002] TCP bind hash table entries: 8192 (order: 5, 131072 bytes)
[    0.393547] TCP: Hash tables configured (established 8192 bind 8192)
[    0.396128] UDP hash table entries: 512 (order: 2, 16384 bytes)
[    0.397756] UDP-Lite hash table entries: 512 (order: 2, 16384 bytes)
[    0.399449] NET: Registered protocol family 1
[    0.400641] pci 0000:00:00.0: Limiting direct PCI/PCI transfers
[    0.402109] pci 0000:00:01.0: Activating ISA DMA hang workarounds
[    0.403631] pci 0000:00:02.0: Video device with shadowed ROM at [mem 0x000c0000-0x000dffff]
[    0.405710] Unpacking initramfs...
[    0.893030] Freeing initrd memory: 19216K
[    0.894213] clocksource: tsc: mask: 0xffffffffffffffff max_cycles: 0x19f22aa45f0, max_idle_ns: 440795269146 ns
[    0.897421] platform rtc_cmos: registered platform RTC device (no PNP device found)
[    0.899274] Scanning for low memory corruption every 60 seconds
[    0.901943] Initialise system trusted keyrings
[    0.903056] Key type blacklist registered
[    0.904359] workingset: timestamp_bits=36 max_order=18 bucket_order=0
[    0.906972] zbud: loaded
[    0.908528] squashfs: version 4.0 (2009/01/31) Phillip Lougher
[    0.910294] fuse init (API version 7.26)
[    0.917450] Key type asymmetric registered
[    0.918534] Asymmetric key parser 'x509' registered
[    0.919906] Block layer SCSI generic (bsg) driver version 0.4 loaded (major 246)
[    0.921712] io scheduler noop registered
[    0.922612] io scheduler deadline registered
[    0.923609] io scheduler cfq registered (default)
[    0.925264] ACPI: AC Adapter [AC] (on-line)
[    0.926359] input: Power Button as /devices/LNXSYSTM:00/LNXPWRBN:00/input/input0
[    0.928454] ACPI: Power Button [PWRF]
[    0.929692] input: Sleep Button as /devices/LNXSYSTM:00/LNXSLPBN:00/input/input1
[    0.931616] ACPI: Sleep Button [SLPF]
[    0.934283] ACPI: Battery Slot [BAT0] (battery present)
[    0.935559] Serial: 8250/16550 driver, 32 ports, IRQ sharing enabled
[    0.958371] 00:02: ttyS0 at I/O 0x3f8 (irq = 4, base_baud = 115200) is a 16550A
[    0.967606] Linux agpgart interface v0.103
[    0.971363] loop: module loaded
[    0.972939] scsi host0: ata_piix
[    0.973941] scsi host1: ata_piix
[    0.974729] ata1: PATA max UDMA/33 cmd 0x1f0 ctl 0x3f6 bmdma 0xd000 irq 14
[    0.976301] ata2: PATA max UDMA/33 cmd 0x170 ctl 0x376 bmdma 0xd008 irq 15
[    0.979059] libphy: Fixed MDIO Bus: probed
[    0.980534] tun: Universal TUN/TAP device driver, 1.6
[    0.981833] PPP generic driver version 2.4.2
[    0.983081] ehci_hcd: USB 2.0 'Enhanced' Host Controller (EHCI) Driver
[    0.984576] ehci-pci: EHCI PCI platform driver
[    0.985618] ehci-platform: EHCI generic platform driver
[    0.986829] ohci_hcd: USB 1.1 'Open' Host Controller (OHCI) Driver
[    0.988192] ohci-pci: OHCI PCI platform driver
[    0.989303] ohci-platform: OHCI generic platform driver
[    0.990488] uhci_hcd: USB Universal Host Controller Interface driver
[    0.992159] i8042: PNP: PS/2 Controller [PNP0303:PS2K,PNP0f03:PS2M] at 0x60,0x64 irq 1,12
[    0.994676] serio: i8042 KBD port at 0x60,0x64 irq 1
[    0.996576] serio: i8042 AUX port at 0x60,0x64 irq 12
[    0.998154] mousedev: PS/2 mouse device common for all mice
[    1.000939] input: AT Translated Set 2 keyboard as /devices/platform/i8042/serio0/input/input2
[    1.003045] rtc_cmos rtc_cmos: rtc core: registered rtc_cmos as rtc0
[    1.004509] rtc_cmos rtc_cmos: alarms up to one day, 114 bytes nvram
[    1.005944] i2c /dev entries driver
[    1.006853] device-mapper: uevent: version 1.0.3
[    1.008122] device-mapper: ioctl: 4.37.0-ioctl (2017-09-20) initialised: dm-devel@redhat.com
[    1.010170] ledtrig-cpu: registered to indicate activity on CPUs
[    1.012722] NET: Registered protocol family 10
[    1.020375] Segment Routing with IPv6
[    1.021450] NET: Registered protocol family 17
[    1.022697] Key type dns_resolver registered
[    1.024187] mce: Using 0 MCE banks
[    1.025105] RAS: Correctable Errors collector initialized.
[    1.026409] sched_clock: Marking stable (1024131401, 0)->(1227888632, -203757231)
[    1.030052] registered taskstats version 1
[    1.031258] Loading compiled-in X.509 certificates
[    1.036252] Loaded X.509 cert 'Build time autogenerated kernel key: be62403dcace2d46f96dafa9f42421c610ef3c2a'
[    1.038771] zswap: loaded using pool lzo/zbud
[    1.045645] Key type big_key registered
[    1.047011] Key type trusted registered
[    1.051013] Key type encrypted registered
[    1.052196] AppArmor: AppArmor sha1 policy hashing enabled
[    1.053914] ima: No TPM chip found, activating TPM-bypass! (rc=-19)
[    1.055379] ima: Allocated hash algorithm: sha1
[    1.056679] evm: HMAC attrs: 0x1
[    1.057847]   Magic number: 12:231:981
[    1.058958] rtc_cmos rtc_cmos: setting system clock to 2020-11-24 09:57:58 UTC (1606211878)
[    1.061692] BIOS EDD facility v0.16 2004-Jun-25, 0 devices found
[    1.063400] EDD information not available.
[    1.191355] Freeing unused kernel image memory: 2436K
[    1.208547] Write protecting the kernel read-only data: 20480k
[    1.212182] Freeing unused kernel image memory: 2008K
[    1.214094] Freeing unused kernel image memory: 1872K
[    1.222698] x86/mm: Checked W+X mappings: passed, no W+X pages found.
[    1.224232] x86/mm: Checking user space page tables
[    1.233097] x86/mm: Checked W+X mappings: passed, no W+X pages found.
Loading, please wait...
starting version 237
[    1.322554] e1000: Intel(R) PRO/1000 Network Driver - version 7.3.21-k8-NAPI
[    1.323995] e1000: Copyright (c) 1999-2006 Intel Corporation.
[    1.325359] Fusion MPT base driver 3.04.20
[    1.326368] Copyright (c) 1999-2008 LSI Corporation
[    1.360671] AVX2 version of gcm_enc/dec engaged.
[    1.361884] AES CTR mode by8 optimization enabled
[    1.371300] Fusion MPT SPI Host driver 3.04.20
[    1.558359] input: ImExPS/2 Generic Explorer Mouse as /devices/platform/i8042/serio1/input/input4
[    1.751391] e1000 0000:00:03.0 eth0: (PCI:33MHz:32-bit) 02:45:4d:8a:ec:99
[    1.753116] e1000 0000:00:03.0 eth0: Intel(R) PRO/1000 Network Connection
[    2.176230] e1000 0000:00:08.0 eth1: (PCI:33MHz:32-bit) 08:00:27:c2:8c:dd
[    2.177757] e1000 0000:00:08.0 eth1: Intel(R) PRO/1000 Network Connection
[    2.181757] e1000 0000:00:03.0 enp0s3: renamed from eth0
[    2.188504] mptbase: ioc0: Initiating bringup
[    2.197433] e1000 0000:00:08.0 enp0s8: renamed from eth1
[    2.661870] ioc0: LSI53C1030 A0: Capabilities={Initiator}
[    4.542662] scsi host2: ioc0: LSI53C1030 A0, FwRev=00000000h, Ports=1, MaxQ=256, IRQ=20
[    6.662349] scsi 2:0:0:0: Direct-Access     VBOX     HARDDISK         1.0  PQ: 0 ANSI: 5
[    6.904401] scsi target2:0:0: Beginning Domain Validation
[    6.907865] scsi target2:0:0: Domain Validation skipping write tests
[    6.908890] scsi target2:0:0: Ending Domain Validation
[    6.909855] scsi target2:0:0: asynchronous
[    6.911291] scsi 2:0:1:0: Direct-Access     VBOX     HARDDISK         1.0  PQ: 0 ANSI: 5
[    8.104979] scsi target2:0:1: Beginning Domain Validation
[    8.107783] random: fast init done
[    8.108831] scsi target2:0:1: Domain Validation skipping write tests
[    8.109912] scsi target2:0:1: Ending Domain Validation
[    8.110942] scsi target2:0:1: asynchronous
[    8.115407] random: systemd-udevd: uninitialized urandom read (16 bytes read)
[    8.116715] random: systemd-udevd: uninitialized urandom read (16 bytes read)
[    8.117865] random: systemd-udevd: uninitialized urandom read (16 bytes read)
[    8.120665] sd 2:0:0:0: Attached scsi generic sg0 type 0
[    8.122055] sd 2:0:0:0: [sda] 20971520 512-byte logical blocks: (10.7 GB/10.0 GiB)
[    8.122475] sd 2:0:1:0: Attached scsi generic sg1 type 0
[    8.124696] sd 2:0:0:0: [sda] Write Protect is off
[    8.125929] sd 2:0:1:0: [sdb] 20480 512-byte logical blocks: (10.5 MB/10.0 MiB)
[    8.127220] sd 2:0:0:0: [sda] Incomplete mode parameter data
[    8.128388] sd 2:0:0:0: [sda] Assuming drive cache: write through
[    8.130080] sd 2:0:1:0: [sdb] Write Protect is off
[    8.131467] sd 2:0:1:0: [sdb] Incomplete mode parameter data
[    8.132561] sd 2:0:1:0: [sdb] Assuming drive cache: write through
[    8.160894]  sda: sda1
[    8.163031] sd 2:0:0:0: [sda] Attached SCSI disk
[    8.164590] sd 2:0:1:0: [sdb] Attached SCSI disk
Begin: Loading essential drivers ... [   10.068403] raid6: sse2x1   gen()  8219 MB/s
[   10.116059] raid6: sse2x1   xor()  5579 MB/s
[   10.164123] raid6: sse2x2   gen() 10083 MB/s
[   10.212592] raid6: sse2x2   xor()  6407 MB/s
[   10.263159] raid6: sse2x4   gen() 10232 MB/s
[   10.312444] raid6: sse2x4   xor()  6896 MB/s
[   10.360843] raid6: avx2x1   gen() 16049 MB/s
[   10.408096] raid6: avx2x1   xor()  9386 MB/s
[   10.456183] raid6: avx2x2   gen() 18667 MB/s
[   10.504179] raid6: avx2x2   xor() 10642 MB/s
[   10.552145] raid6: avx2x4   gen() 17998 MB/s
[   10.600406] raid6: avx2x4   xor() 10780 MB/s
[   10.601482] raid6: using algorithm avx2x2 gen() 18667 MB/s
[   10.602708] raid6: .... xor() 10642 MB/s, rmw enabled
[   10.603868] raid6: using avx2x2 recovery algorithm
[   10.607390] xor: automatically using best checksumming function   avx       
[   10.610865] async_tx: api initialized (async)
done.
Begin: Running /scripts/init-premount ... done.
Begin: Mounting root file system ... Begin: Running /scripts/local-top ... done.
Begin: Running /scripts/local-premount ... [   10.673484] Btrfs loaded, crc32c=crc32c-intel
Scanning for Btrfs filesystems
done.
Warning: fsck not present, so skipping root file system
[   10.744568] EXT4-fs (sda1): mounted filesystem with ordered data mode. Opts: (null)
done.
Begin: Running /scripts/local-bottom ... done.
Begin: Running /scripts/init-bottom ... done.
[   10.949075] ip_tables: (C) 2000-2006 Netfilter Core Team
[   10.962436] systemd[1]: systemd 237 running in system mode. (+PAM +AUDIT +SELINUX +IMA +APPARMOR +SMACK +SYSVINIT +UTMP +LIBCRYPTSETUP +GCRYPT +GNUTLS +ACL +XZ +LZ4 +SECCOMP +BLKID +ELFUTILS +KMOD -IDN2 +IDN -PCRE2 default-hierarchy=hybrid)
[   10.967079] systemd[1]: Detected virtualization oracle.
[   10.968274] systemd[1]: Detected architecture x86-64.

Welcome to [1mUbuntu 18.04.5 LTS[0m!

[   10.977554] systemd[1]: Set hostname to <ubuntu>.
[   10.982554] systemd[1]: Initializing machine ID from random generator.
[   10.984150] systemd[1]: Installed transient /etc/machine-id file.
[   11.310941] systemd[1]: Reached target Swap.
[[0;32m  OK  [0m] Reached target Swap.
[   11.321115] systemd[1]: Created slice User and Session Slice.
[[0;32m  OK  [0m] Created slice User and Session Slice.
[   11.324431] systemd[1]: Started Forward Password Requests to Wall Directory Watch.
[[0;32m  OK  [0m] Started Forward Password Requests to Wall Directory Watch.
[   11.336457] systemd[1]: Set up automount Arbitrary Executable File Formats File System Automount Point.
[[0;32m  OK  [0m] Set up automount Arbitrary Executab…rmats File System Automount Point.
[[0;32m  OK  [0m] Reached target User and Group Name Lookups.
[[0;32m  OK  [0m] Reached target System Time Synchronized.
[[0;32m  OK  [0m] Created slice System Slice.
[[0;32m  OK  [0m] Listening on LVM2 metadata daemon socket.
[[0;32m  OK  [0m] Listening on Journal Audit Socket.
[[0;32m  OK  [0m] Created slice system-serial\x2dgetty.slice.
[[0;32m  OK  [0m] Listening on Network Service Netlink Socket.
[[0;32m  OK  [0m] Listening on Journal Socket.
         Starting Load Kernel Modules...
         Mounting POSIX Message Queue File System...
         Mounting Kernel Debug File System...
[[0;32m  OK  [0m] Listening on Syslog Socket.
[[0;32m  OK  [0m] Listening on udev Kernel Socket.
[[0;32m  OK  [0[   11.423660] Loading iSCSI transport class v2.0-870.
m] Listening on LVM2 poll daemon socket.
[[0;32m  OK  [0m] Reached target Slices.
[[0;32m  OK  [0m] Listening on Journal Socket (/dev/log).
         Starting Journal Service...
[[0;32m  OK  [0m] Listening on Device-mapper event daemon FIFOs.
[   11.436548] iscsi: registered transport (tcp)
         Starting Uncomplicated firewall...
         Starting Remount Root and Kernel File Systems...
[[0;32m  OK  [0m] Listening on /dev/initctl Compatibility Named Pipe.
         Starting Create list of required st…ce nodes for the current kernel...
[[0;32m  OK  [0m] Listening on udev Control Socket.
         Starting udev Coldplug all Devices...
         Starting Set the console keyboard layout...
         Starting Monitoring of LVM2 mirrors…ng dmeventd or progress polling...
         Mounting Huge Pages File System...
[[0;32m  OK  [0m] Mounted POSIX Me[   11.501192] iscsi: registered transport (iser)
ssage Queue File System.
[[0;32m  OK  [0m] Started Load Kernel Modules.
[[0;32m  OK  [0m] Started Journal Service.
[[0;32m  OK  [0m] Mounted Kernel Debug File System.
[[0;32m  OK  [0m] Started Uncomplicated firewall.
[[0;32m  OK  [0m] Started Create list of required sta…vice nodes for the current kernel.
[[0;32m  OK  [0m] Mounted Huge Pages File System.
         Starting Create Static Device Nodes in /dev...
         Mounting Kernel Configuration File System...
         Starting Apply Kernel Variables...
         Mounting FUSE Control File System...
[[0;32m  OK  [0m] Mounted Kernel Configuration File System.
[[0;32m  OK  [0m] Mounted FUSE Control File System.
[   11.593739] EXT4-fs (sda1): re-mounted. Opts: (null)
[[0;32m  OK  [0m] Started Remount Root and Kernel File Systems.
         Starting Flush Journal to Persistent Storage...
         Starting Load/Save Random Seed...
[[0;32m  OK  [0m] Started LVM2 metadata daemon.
[[0;32m  OK  [0m] Started udev Coldplug all Devices.
[[0;32m  OK  [0m] Started Load/Save Random Seed.
[[0;32m  OK  [0m] Started Apply Kernel Variables.
[[0;32m  OK  [0m] Started Create Static Device Nodes in /dev.
         Starting udev Kernel Device Manager...
[[0;32m  OK  [0m] Started Monitoring of LVM2 mirrors,…sing dmeventd or progress polling.
[[0;32m  OK  [0m] Started Flush Journal to Persistent Storage.
[[0;32m  OK  [0m] Started udev Kernel Device Manager.
[[0;32m  OK  [0m] Started Set the console keyboard layout.
[[0;32m  OK  [0m] Reached target Local File Systems (Pre).
[[0;32m  OK  [0m] Reached target Local File Systems.
         Starting ebtables ruleset management...
         Starting AppArmor initialization...
         Starting Set console font and keymap...
         Starting Create Volatile Files and Directories...
         Starting Commit a transient machine-id on disk...
         Starting Tell Plymouth To Write Out Runtime Data...
[[0;32m  OK  [0m] Started Dispatch Password Requests to Console Directory Watch.
[[0;32m  OK  [0m] Reached target Local Encrypted Volumes.
[[0;32m  OK  [0m] Started Set console font and keymap.
[[0;32m  OK  [0m] Started Tell Plymouth To Write Out Runtime Data.
[[0;32m  OK  [0m] Started Create Volatile Files and Directories.
         Starting Update UTMP about System Boot/Shutdown...
[[0;32m  OK  [0m] Started Commit a transient machine-id on disk.
[[0;32m  OK  [0m] Started Update UTMP about System Boot/Shutdown.
[[0;32m  OK  [0m] Started ebtables ruleset management.
[[0;32m  OK  [0m] Found device /dev/ttyS0.
[[0;32m  OK  [0m] Listening on Load/Save RF Kill Switch Status /dev/rfkill Watch.
[[0;32m  OK  [0m] Started AppArmor initialization.
         Starting Initial cloud-init job (pre-networking)...
         Starting Load AppArmor profiles managed internally by snapd...
[[0;32m  OK  [0m] Started Load AppArmor profiles managed internally by snapd.
[   15.718278] cloud-init[562]: Cloud-init v. 20.3-2-g371b392c-0ubuntu1~18.04.1 running 'init-local' at Tue, 24 Nov 2020 09:58:12 +0000. Up 15.13 seconds.
[[0;32m  OK  [0m] Started Initial cloud-init job (pre-networking).
[[0;32m  OK  [0m] Reached target Network (Pre).
         Starting Network Service...
[[0;32m  OK  [0m] Started Network Service.
         Starting Wait for Network to be Configured...
         Starting Network Name Resolution...
[[0;32m  OK  [0m] Started Network Name Resolution.
[[0;32m  OK  [0m] Reached target Network.
[[0;32m  OK  [0m] Reached target Host and Network Name Lookups.
[[0;32m  OK  [0m] Started Wait for Network to be Configured.
         Starting Initial cloud-init job (metadata service crawler)...
[   17.767863] cloud-init[695]: Cloud-init v. 20.3-2-g371b392c-0ubuntu1~18.04.1 running 'init' at Tue, 24 Nov 2020 09:58:15 +0000. Up 17.56 seconds.
[   17.770534] cloud-init[695]: ci-info: ++++++++++++++++++++++++++++++++++++++Net device info+++++++++++++++++++++++++++++++++++++++
[   17.772929] cloud-init[695]: ci-info: +--------+-------+----------------------------+---------------+--------+-------------------+
[   17.774945] cloud-init[695]: ci-info: | Device |   Up  |          Address           |      Mask     | Scope  |     Hw-Address    |
[   17.776994] cloud-init[695]: ci-info: +--------+-------+----------------------------+---------------+--------+-------------------+
[   17.779153] cloud-init[695]: ci-info: | enp0s3 |  True |         10.0.2.15          | 255.255.255.0 | global | 02:45:4d:8a:ec:99 |
[   17.781447] cloud-init[695]: ci-info: | enp0s3 |  True | fe80::45:4dff:fe8a:ec99/64 |       .       |  link  | 02:45:4d:8a:ec:99 |
[   17.792456] cloud-init[695]: ci-info: | enp0s8 | False |             .              |       .       |   .    | 08:00:27:c2:8c:dd |
[   17.793805] cloud-init[695]: ci-info: |   lo   |  True |         127.0.0.1          |   255.0.0.0   |  host  |         .         |
[   17.804248] cloud-init[695]: ci-info: |   lo   |  True |          ::1/128           |       .       |  host  |         .         |
[   17.805454] cloud-init[695]: ci-info: +--------+-------+----------------------------+---------------+--------+-------------------+
[   17.816405] cloud-init[695]: ci-info: ++++++++++++++++++++++++++++Route IPv4 info+++++++++++++++++++++++++++++
[   17.817687] cloud-init[695]: ci-info: +-------+-------------+----------+-----------------+-----------+-------+
[   17.818632] cloud-init[695]: ci-info: | Route | Destination | Gateway  |     Genmask     | Interface | Flags |
[   17.829228] cloud-init[695]: ci-info: +-------+-------------+----------+-----------------+-----------+-------+
[   17.830832] cloud-init[695]: ci-info: |   0   |   0.0.0.0   | 10.0.2.2 |     0.0.0.0     |   enp0s3  |   UG  |
[   17.840772] cloud-init[695]: ci-info: |   1   |   10.0.2.0  | 0.0.0.0  |  255.255.255.0  |   enp0s3  |   U   |
[   17.841854] cloud-init[695]: ci-info: |   2   |   10.0.2.2  | 0.0.0.0  | 255.255.255.255 |   enp0s3  |   UH  |
[   17.842863] cloud-init[695]: ci-info: +-------+-------------+----------+-----------------+-----------+-------+
[   17.844602] cloud-init[695]: ci-info: +++++++++++++++++++Route IPv6 info+++++++++++++++++++
[   17.846464] cloud-init[695]: ci-info: +-------+-------------+---------+-----------+-------+
[   17.848275] cloud-init[695]: ci-info: | Route | Destination | Gateway | Interface | Flags |
[   17.849610] cloud-init[695]: ci-info: +-------+-------------+---------+-----------+-------+
[   17.850940] cloud-init[695]: ci-info: |   1   |  fe80::/64  |    ::   |   enp0s3  |   U   |
[   17.856432] cloud-init[695]: ci-info: |   3   |    local    |    ::   |   enp0s3  |   U   |
[   17.868224] cloud-init[695]: ci-info: |   4   |   ff00::/8  |    ::   |   enp0s3  |   U   |
[   17.880233] cloud-init[695]: ci-info: +-------+-------------+---------+-----------+-------+
[   18.735872] cloud-init[695]: Generating public/private rsa key pair.
[   18.736715] cloud-init[695]: Your identification has been saved in /etc/ssh/ssh_host_rsa_key.
[   18.737781] cloud-init[695]: Your public key has been saved in /etc/ssh/ssh_host_rsa_key.pub.
[   18.738673] cloud-init[695]: The key fingerprint is:
[   18.739199] cloud-init[695]: SHA256:RLNGgoKGRz/7x3XK1E+yI4JiSDkGuoM2QSaXRcUnDxo root@ubuntu-bionic
[   18.740151] cloud-init[695]: The key's randomart image is:
[   18.752305] cloud-init[695]: +---[RSA 2048]----+
[   18.764443] cloud-init[695]: |.o..o+o +        |
[   18.765377] cloud-init[695]: |o.o+E ++.o       |
[   18.766236] cloud-init[695]: |++o.oo =+        |
[   18.766910] cloud-init[695]: |=o ..o o.  .     |
[   18.767525] cloud-init[695]: |..= .   S o + .  |
[   18.780937] cloud-init[695]: |.+.o . o + o =   |
[   18.784054] cloud-init[695]: |+o. o o + + o .  |
[   18.784893] cloud-init[695]: |.... . . . . .   |
[   18.785404] cloud-init[695]: |                 |
[   18.785884] cloud-init[695]: +----[SHA256]-----+
[   18.796774] cloud-init[695]: Generating public/private dsa key pair.
[   18.808474] cloud-init[695]: Your identification has been saved in /etc/ssh/ssh_host_dsa_key.
[   18.809461] cloud-init[695]: Your public key has been saved in /etc/ssh/ssh_host_dsa_key.pub.
[   18.810405] cloud-init[695]: The key fingerprint is:
[   18.810926] cloud-init[695]: SHA256:zXaVr9y4+To7ViInKYHKigvgeagr9jrrkgNiUobNkt8 root@ubuntu-bionic
[   18.812114] cloud-init[695]: The key's randomart image is:
[   18.813638] cloud-init[695]: +---[DSA 1024]----+
[   18.814428] cloud-init[695]: |                 |
[   18.815215] cloud-init[695]: |               . |
[   18.824328] cloud-init[695]: | =       .    o  |
[[0;32m  OK  [0m] Started Initial cloud-init job (metadata service crawler).
[[0;32m  OK  [0m] Reached target Network is Online.
[   18.842747] cloud-init[695]: |+ =     .o.  . . |
[   18.844846] cloud-init[695]: |.= . . .S +...  .|
[   18.845699] cloud-init[695]: |*.+ E o  ...+.o+.|
[   18.857814] cloud-init[695]: |*= o .     . ++o.|
[   18.858122] cloud-init[695]: |*+o .         +o |
[   18.858283] cloud-init[695]: |B**o         .=*.|
[   18.858399] cloud-init[695]: +----[SHA256]-----+
[   18.858536] cloud-init[695]: Generating public/private ecdsa key pair.
[   18.859053] cloud-init[695]: Your identification has been saved in /etc/ssh/ssh_host_ecdsa_key.
[   18.859293] cloud-init[695]: Your public key has been saved in /etc/ssh/ssh_host_ecdsa_key.pub.
[   18.859700] cloud-init[695]: The key fingerprint is:
[   18.859975] cloud-init[695]: SHA256:eqFYcZcSQ0nCCc/K8yJuJGACLG9yDragg7Hs+nnmG/c root@ubuntu-bionic
[   18.860182] cloud-init[695]: The key's randomart image is:
[   18.860597] cloud-init[695]: +---[ECDSA 256]---+
[   18.860713] cloud-init[695]: |.   .o.+=.       |
[   18.860832] cloud-init[695]: |o.   oo..o .     |
[   18.861130] cloud-init[695]: |o.    + o o      |
[   18.861319] cloud-init[695]: |Bo+. . o o       |
[   18.861542] cloud-init[695]: |XO. + . S        |
[   18.861594] cloud-init[695]: |*oo  = o .       |
[[0;32m  OK  [0m] Reached target Remote File Systems (Pre).[   18.862031] 
cloud-init[695]: |.+. + = .        |
[[   18.868742] [0;32m  OK  [0mcloud-init] [695]: Reached target Remote File Systems.| o.oo+ o         |

[   18.868827] cloud-init[695]: |oo++o.  E        |
         [   18.880415] cloud-init[695]: +----[SHA256]-----+
Starting Availability of block devices...
[   18.880758] cloud-init[695]: Generating public/private ed25519 key pair.
[[0;32m  OK  [0m[   18.883062] cloud-init[695]: Your identification has been saved in /etc/ssh/ssh_host_ed25519_key.
[   18.883424] cloud-init[695]: Your public key has been saved in /etc/ssh/ssh_host_ed25519_key.pub.
[   18.884034] cloud-init[695]: The key fingerprint is:
[   18.884704] cloud-init[695]: SHA256:uV6Lwkr49BrkoHbm/rKKpvOwZjs+XCRAnMJb47BartA root@ubuntu-bionic
[   18.885522] cloud-init[695]: The key's randomart image is:
[   18.886082] cloud-init[695]: +--[ED25519 256]--+
[   18.886734] cloud-init[695]: |+..              |
[   18.887361] cloud-init[695]: |o= o             |
[   18.887925] cloud-init[695]: |o * .            |
[   18.888652] cloud-init[695]: | +.o     .       |
[   18.889251] cloud-init[695]: |.++ .   S        |
[   18.889882] cloud-init[695]: |o.E*     .       |
[   18.890573] cloud-init[695]: |=ooo=.  . .      |
[   18.891325] cloud-init[695]: |=X+= oo. o .     |
[   18.891562] cloud-init[695]: |X*B+B+..o .      |
] Reached target Cloud-config availability.
[   18.891772] cloud-init[695]: +----[SHA256]-----+
[[0;32m  OK  [0m] Reached target System Initialization.
[[0;32m  OK  [0m] Started Daily Cleanup of Temporary Directories.
[[0;32m  OK  [0m] Started Daily apt download activities.
[[0;32m  OK  [0m] Started Daily apt upgrade and clean activities.
[[0;32m  OK  [0m] Started ACPI Events Check.
[[0;32m  OK  [0m] Reached target Paths.
[[0;32m  OK  [0m] Listening on Open-iSCSI iscsid Socket.
[[0;32m  OK  [0m] Started Discard unused blocks once a week.
[[0;32m  OK  [0m] Listening on UUID daemon activation socket.
[[0;32m  OK  [0m] Started Message of the Day.
[[0;32m  OK  [0m] Reached target Timers.
[[0;32m  OK  [0m] Listening on ACPID Listen Socket.
         Starting Socket activation for snappy daemon.
[[0;32m  OK  [0m] Listening on D-Bus System Message Bus Socket.
         Starting LXD - unix socket.
[[0;32m  OK  [0m] Started Availability of block devices.
[[0;32m  OK  [0m] Listening on Socket activation for snappy daemon.
[[0;32m  OK  [0m] Listening on LXD - unix socket.
[[0;32m  OK  [0m] Reached target Sockets.
[[0;32m  OK  [0m] Reached target Basic System.
[[0;32m  OK  [0m] Started irqbalance daemon.
         Starting Accounts Service...
[[0;32m  OK  [0m] Started Regular background program processing daemon.
         Starting Virtualbox guest utils...
         Starting Pollinate to seed the pseudo random number generator...
         Starting Dispatcher daemon for systemd-networkd...
         Starting Login Service...
         Starting LXD - container startup/shutdown...
         Starting LSB: Record successful boot for GRUB...
         Starting System Logging Service...
         Starting LSB: automatic crash report generation...
[[0;32m  OK  [0m] Started D-Bus System Message Bus.
         Starting Permit User Sessions...
[[0;32m  OK  [0m] Started FUSE filesystem for LXC.
[[0;32m  OK  [0m] Started Deferred execution scheduler.
         Starting Snap Daemon...
[[0;32m  OK  [0m] Started System Logging Service.
[[0;32m  OK  [0m] Started Permit User Sessions.
[[0;32m  OK  [0m] Started Login Service.
[[0;32m  OK  [0m] Started LXD - container startup/shutdown.
         Starting Authorization Manager...
[[0;32m  OK  [0m] Started Unattended Upgrades Shutdown.
         Starting Hold until boot process finishes up...
         Starting Terminate Plymouth Boot Screen...
[[0;32m  OK  [0m] Started Hold until boot process finishes up.
         Starting Set console scheme...
[[0;32m  OK  [0m] Started Serial Getty on ttyS0.
[[0;32m  OK  [0m] Started Terminate Plymouth Boot Screen.
[[0;32m  OK  [0m] Started LSB: automatic crash report generation.
[[0;32m  OK  [0m] Started LSB: Record successful boot for GRUB.
[[0;32m  OK  [0m] Started Set console scheme.
[[0;32m  OK  [0m] Created slice system-getty.slice.
[[0;32m  OK  [0m] Started Getty on tty1.
[[0;32m  OK  [0m] Reached target Login Prompts.
[[0;32m  OK  [0m] Started Authorization Manager.
[[0;32m  OK  [0m] Started Accounts Service.
[[0;32m  OK  [0m] Started Dispatcher daemon for systemd-networkd.
[[0;32m  OK  [0m] Started Virtualbox guest utils.
[[0;32m  OK  [0m] Started Snap Daemon.
         Starting Wait until snapd is fully seeded...
[[0;32m  OK  [0m] Started Wait until snapd is fully seeded.
         Starting Apply the settings specified in cloud-config...
[   24.127634] cloud-init[1101]: Cloud-init v. 20.3-2-g371b392c-0ubuntu1~18.04.1 running 'modules:config' at Tue, 24 Nov 2020 09:58:20 +0000. Up 23.10 seconds.
[[0;32m  OK  [0m] Started Apply the settings specified in cloud-config.

Ubuntu 18.04.5 LTS ubuntu-bionic ttyS0

ubuntu-bionic login: ci-info: no authorized SSH keys fingerprints found for user ubuntu.
<14>Nov 24 09:58:25 ec2: 
<14>Nov 24 09:58:25 ec2: #############################################################
<14>Nov 24 09:58:25 ec2: -----BEGIN SSH HOST KEY FINGERPRINTS-----
<14>Nov 24 09:58:25 ec2: 1024 SHA256:zXaVr9y4+To7ViInKYHKigvgeagr9jrrkgNiUobNkt8 root@ubuntu-bionic (DSA)
<14>Nov 24 09:58:25 ec2: 256 SHA256:eqFYcZcSQ0nCCc/K8yJuJGACLG9yDragg7Hs+nnmG/c root@ubuntu-bionic (ECDSA)
<14>Nov 24 09:58:25 ec2: 256 SHA256:uV6Lwkr49BrkoHbm/rKKpvOwZjs+XCRAnMJb47BartA root@ubuntu-bionic (ED25519)
<14>Nov 24 09:58:25 ec2: 2048 SHA256:RLNGgoKGRz/7x3XK1E+yI4JiSDkGuoM2QSaXRcUnDxo root@ubuntu-bionic (RSA)
<14>Nov 24 09:58:25 ec2: -----END SSH HOST KEY FINGERPRINTS-----
<14>Nov 24 09:58:25 ec2: #############################################################
-----BEGIN SSH HOST KEY KEYS-----
ecdsa-sha2-nistp256 AAAAE2VjZHNhLXNoYTItbmlzdHAyNTYAAAAIbmlzdHAyNTYAAABBBNDSxJovoIAZopiuybIeYqJyQoHGMeamdvzSn5WaV3MuMa2jrIYD6nmiVbCPE0QtDtln05OSw0leQN9aX6VmG/Q= root@ubuntu-bionic
ssh-ed25519 AAAAC3NzaC1lZDI1NTE5AAAAIGS6Ice2/wMNTCzEeUF0VnVQEB/Exv6liu1SxQABkjbo root@ubuntu-bionic
ssh-rsa AAAAB3NzaC1yc2EAAAADAQABAAABAQDBz8tH5LK3ZOmsPWhKVAwNKBZQxKxKWaO9iMx/WpKi2leuKDKQ+ENvMxjQOusQykHK5mmP5mpoOglK8lBUfpTb/SnigrNEFUsdX/vnZHe2l8YAf3MYiz5AVC+V1uvk/qT6wOMW8wuert5BIysZ8QrL3+SSuV7CUu6AZ1eXnzNh3ggU3Y4HgeBh1wjShOlEIT0N9oJVYRI3YZ9h0Hmc2T2jO5K9LSK9SOy1BslY9JOKlyLpmXNIcqApkh2t5DaZ0Ttmw4wzC2/8tbmLJByFATlIrJAxthYd2FgRMAkHWBXOkc+tCMLuKS/4ZST2EBCsOrZ94qVH5I1lxpNeh74bYg9t root@ubuntu-bionic
-----END SSH HOST KEY KEYS-----
[   27.689827] cloud-init[1206]: Cloud-init v. 20.3-2-g371b392c-0ubuntu1~18.04.1 running 'modules:final' at Tue, 24 Nov 2020 09:58:24 +0000. Up 27.27 seconds.
[   27.693983] cloud-init[1206]: ci-info: no authorized SSH keys fingerprints found for user ubuntu.
[   27.696513] cloud-init[1206]: Cloud-init v. 20.3-2-g371b392c-0ubuntu1~18.04.1 finished at Tue, 24 Nov 2020 09:58:25 +0000. Datasource DataSourceNoCloud [seed=/dev/sdb][dsmode=net].  Up 27.67 seconds
